Command line:
   tb_main_isim_beh.exe
     -simmode  gui
     -simrunnum  0
     -socket  52490

Wed Oct 15 18:54:39 2025


 Elaboration Time: 0.22 sec

 Current Memory Usage: 215.388 Meg

 Total Signals          : 56
 Total Nets             : 64
 Total Signal Drivers   : 29
 Total Blocks           : 6
 Total Primitive Blocks : 4
 Total Processes        : 37
 Total Traceable Variables  : 72
 Total Scalar Nets and Variables : 445
Total Line Count : 215

 Total Simulation Time: 0.24 sec

 Current Memory Usage: 292.987 Meg

Thu Oct 16 00:47:03 2025

