Command line:
   MUX_tb_isim_beh.exe
     -simmode  gui
     -simrunnum  0
     -socket  42272

Mon Sep  8 18:37:31 2025


 Elaboration Time: 0.03 sec

 Current Memory Usage: 215.233 Meg

 Total Signals          : 17
 Total Nets             : 38
 Total Signal Drivers   : 9
 Total Blocks           : 3
 Total Primitive Blocks : 2
 Total Processes        : 12
 Total Traceable Variables  : 22
 Total Scalar Nets and Variables : 143
Total Line Count : 29

 Total Simulation Time: 0.03 sec

 Current Memory Usage: 292.831 Meg

Mon Sep  8 18:40:38 2025

